{
  "RSpec": {
    "coverage": {
      "/Users/luke/repos/ticketee/app/models/user.rb": [
        1,
        null,
        null,
        1,
        null,
        null,
        null,
        1,
        1,
        null,
        1,
        null,
        1,
        48,
        null,
        null,
        null
      ],
      "/Users/luke/repos/ticketee/app/controllers/application_controller.rb": [
        1,
        1,
        1,
        null,
        1,
        null,
        1,
        459,
        null,
        null,
        1,
        95,
        95,
        6,
        6,
        null,
        null,
        null
      ],
      "/Users/luke/repos/ticketee/app/helpers/application_helper.rb": [
        1,
        1,
        39,
        39,
        39,
        null,
        null,
        null,
        null,
        1,
        385,
        null,
        null,
        1,
        40,
        132,
        null,
        null
      ],
      "/Users/luke/repos/ticketee/app/helpers/admin/permissions_helper.rb": [
        1,
        1,
        null,
        null,
        null,
        null,
        null,
        null,
        20,
        null,
        null
      ],
      "/Users/luke/repos/ticketee/app/helpers/admin/states_helper.rb": [
        1,
        null
      ],
      "/Users/luke/repos/ticketee/app/helpers/admin/users_helper.rb": [
        1,
        null
      ],
      "/Users/luke/repos/ticketee/app/helpers/comments_helper.rb": [
        1,
        null
      ],
      "/Users/luke/repos/ticketee/app/helpers/files_helper.rb": [
        1,
        null
      ],
      "/Users/luke/repos/ticketee/app/helpers/projects_helper.rb": [
        1,
        null
      ],
      "/Users/luke/repos/ticketee/app/helpers/tags_helper.rb": [
        1,
        null
      ],
      "/Users/luke/repos/ticketee/app/helpers/tickets_helper.rb": [
        1,
        1,
        4,
        4,
        2,
        2,
        0,
        null,
        2,
        null,
        null,
        null,
        null,
        null
      ],
      "/Users/luke/repos/ticketee/app/helpers/users_helper.rb": [
        1,
        null
      ],
      "/Users/luke/repos/ticketee/app/controllers/admin/base_controller.rb": [
        1,
        1,
        null,
        1,
        null,
        null,
        null
      ],
      "/Users/luke/repos/ticketee/app/controllers/admin/permissions_controller.rb": [
        1,
        1,
        null,
        1,
        10,
        10,
        null,
        null,
        1,
        5,
        5,
        5,
        5,
        9,
        null,
        null,
        null,
        null,
        5,
        5,
        null,
        null,
        1,
        null,
        1,
        15,
        null,
        null
      ],
      "/Users/luke/repos/ticketee/app/models/permission.rb": [
        1,
        1,
        1,
        1,
        null
      ],
      "/Users/luke/repos/ticketee/app/controllers/admin/states_controller.rb": [
        1,
        1,
        4,
        null,
        null,
        1,
        1,
        null,
        null,
        1,
        1,
        1,
        1,
        1,
        null,
        0,
        0,
        null,
        null,
        null,
        1,
        1,
        1,
        null,
        1,
        1,
        null,
        null
      ],
      "/Users/luke/repos/ticketee/app/models/state.rb": [
        1,
        1,
        null,
        1,
        4,
        null,
        null,
        1,
        1,
        null,
        1,
        1,
        null,
        1,
        1,
        1,
        null,
        null,
        null
      ],
      "/Users/luke/repos/ticketee/app/controllers/admin/users_controller.rb": [
        1,
        null,
        1,
        null,
        1,
        19,
        null,
        null,
        1,
        null,
        null,
        null,
        1,
        3,
        null,
        null,
        1,
        3,
        3,
        2,
        2,
        null,
        1,
        1,
        null,
        null,
        null,
        1,
        null,
        null,
        null,
        1,
        3,
        3,
        3,
        3,
        null,
        null,
        3,
        2,
        2,
        null,
        1,
        1,
        null,
        null,
        null,
        1,
        2,
        1,
        null,
        1,
        1,
        null,
        null,
        2,
        null,
        null,
        1,
        1,
        18,
        null,
        null
      ],
      "/Users/luke/repos/ticketee/app/controllers/comments_controller.rb": [
        1,
        1,
        1,
        null,
        1,
        7,
        7,
        7,
        7,
        6,
        6,
        null,
        1,
        1,
        1,
        null,
        null,
        null,
        1,
        null,
        1,
        7,
        null,
        null,
        1,
        7,
        3,
        null,
        null,
        7,
        5,
        null,
        null,
        null
      ],
      "/Users/luke/repos/ticketee/app/models/comment.rb": [
        1,
        1,
        1,
        1,
        1,
        null,
        null,
        1,
        1,
        1,
        1,
        1,
        null,
        1,
        null,
        1,
        null,
        1,
        null,
        1,
        6,
        null,
        null,
        1,
        6,
        3,
        1,
        null,
        3,
        3,
        null,
        null,
        null,
        1,
        6,
        6,
        null,
        null
      ],
      "/Users/luke/repos/ticketee/app/controllers/files_controller.rb": [
        1,
        1,
        1,
        2,
        2,
        1,
        null,
        null,
        null,
        1,
        1,
        null,
        null,
        null,
        1,
        9,
        9,
        9,
        null,
        null,
        null,
        null
      ],
      "/Users/luke/repos/ticketee/app/controllers/projects_controller.rb": [
        1,
        null,
        1,
        1,
        1,
        null,
        1,
        95,
        null,
        null,
        1,
        2,
        null,
        null,
        1,
        2,
        2,
        1,
        1,
        null,
        1,
        1,
        null,
        null,
        null,
        1,
        null,
        null,
        1,
        null,
        null,
        1,
        2,
        1,
        1,
        null,
        1,
        1,
        null,
        null,
        null,
        1,
        1,
        1,
        1,
        null,
        null,
        1,
        1,
        48,
        null,
        null,
        4,
        4,
        null,
        null,
        null
      ],
      "/Users/luke/repos/ticketee/app/models/project.rb": [
        1,
        1,
        null,
        1,
        null,
        1,
        null,
        1,
        null,
        1,
        137,
        null,
        null,
        null,
        1,
        202,
        null,
        null,
        null
      ],
      "/Users/luke/repos/ticketee/app/controllers/registrations_controller.rb": [
        1,
        null,
        1,
        null,
        1,
        1,
        null,
        null
      ],
      "/Users/luke/repos/ticketee/app/controllers/tags_controller.rb": [
        1,
        1,
        1,
        1,
        1,
        1,
        1,
        null,
        null,
        null
      ],
      "/Users/luke/repos/ticketee/app/models/tag.rb": [
        1,
        1,
        null
      ],
      "/Users/luke/repos/ticketee/app/controllers/tickets_controller.rb": [
        1,
        1,
        1,
        1,
        1,
        1,
        1,
        null,
        1,
        7,
        7,
        null,
        null,
        1,
        8,
        3,
        null,
        8,
        8,
        8,
        6,
        6,
        null,
        2,
        2,
        null,
        null,
        null,
        1,
        30,
        30,
        null,
        null,
        1,
        null,
        null,
        1,
        3,
        2,
        2,
        null,
        1,
        1,
        null,
        null,
        null,
        1,
        2,
        2,
        2,
        null,
        null,
        1,
        1,
        59,
        null,
        1,
        null,
        1,
        null,
        null,
        1,
        41,
        null,
        null,
        1,
        17,
        2,
        2,
        null,
        null,
        null,
        1,
        8,
        2,
        2,
        null,
        null,
        null,
        1,
        3,
        1,
        1,
        null,
        null,
        null
      ],
      "/Users/luke/repos/ticketee/app/models/ticket.rb": [
        1,
        1,
        1,
        1,
        1,
        1,
        1,
        1,
        null,
        1,
        1,
        1,
        1,
        1,
        null,
        1,
        1,
        48,
        4,
        3,
        null,
        null,
        null,
        null
      ],
      "/Users/luke/repos/ticketee/app/controllers/users_controller.rb": [
        1,
        1,
        null,
        null
      ],
      "/Users/luke/repos/ticketee/app/models/ability.rb": [
        1,
        1,
        null,
        1,
        116,
        194,
        null,
        null,
        67,
        null,
        null,
        null,
        null,
        null
      ],
      "/Users/luke/repos/ticketee/app/models/asset.rb": [
        1,
        1,
        1,
        null,
        1,
        null
      ]
    },
    "timestamp": 1364075866
  }
}
